# JRE version: Java(TM) SE Runtime Environment (8.0_66-b18) (build 1.8.0_66-b18)
# Java VM: Java HotSpot(TM) 64-Bit Server VM (25.66-b18 mixed mode windows-amd64 compressed oops)
Heap:
 PSYoungGen      total 120832K, used 12331K [0x00000000f5580000, 0x00000000fda80000, 0x0000000100000000)
  eden space 105472K, 8% used [0x00000000f5580000,0x00000000f5e85248,0x00000000fbc80000)
  from space 15360K, 20% used [0x00000000fcb80000,0x00000000fce85a40,0x00000000fda80000)
  to   space 15360K, 0% used [0x00000000fbc80000,0x00000000fbc80000,0x00000000fcb80000)
 ParOldGen       total 172032K, used 63438K [0x00000000e0000000, 0x00000000ea800000, 0x00000000f5580000)
  object space 172032K, 36% used [0x00000000e0000000,0x00000000e3df38b8,0x00000000ea800000)
 Metaspace       used 99304K, capacity 106538K, committed 106792K, reserved 1142784K
  class space    used 11576K, capacity 14003K, committed 14128K, reserved 1048576K
GC Heap History (10 events):
Event: 723.207 GC heap before
{Heap before GC invocations=60 (full 5):
 PSYoungGen      total 118272K, used 108635K [0x00000000f5580000, 0x00000000fdc00000, 0x0000000100000000)
  eden space 101888K, 100% used [0x00000000f5580000,0x00000000fb900000,0x00000000fb900000)
  from space 16384K, 41% used [0x00000000fcc00000,0x00000000fd296ec8,0x00000000fdc00000)
  to   space 17920K, 0% used [0x00000000fb900000,0x00000000fb900000,0x00000000fca80000)
 ParOldGen       total 172032K, used 74665K [0x00000000e0000000, 0x00000000ea800000, 0x00000000f5580000)
  object space 172032K, 43% used [0x00000000e0000000,0x00000000e48ea4c0,0x00000000ea800000)
 Metaspace       used 98511K, capacity 105970K, committed 106280K, reserved 1142784K
  class space    used 11504K, capacity 13852K, committed 13872K, reserved 1048576K
Event: 723.216 GC heap after
Heap after GC invocations=60 (full 5):
 PSYoungGen      total 119808K, used 7340K [0x00000000f5580000, 0x00000000fdc00000, 0x0000000100000000)
  eden space 101888K, 0% used [0x00000000f5580000,0x00000000f5580000,0x00000000fb900000)
  from space 17920K, 40% used [0x00000000fb900000,0x00000000fc02b0f8,0x00000000fca80000)
  to   space 16896K, 0% used [0x00000000fcb80000,0x00000000fcb80000,0x00000000fdc00000)
 ParOldGen       total 172032K, used 74777K [0x00000000e0000000, 0x00000000ea800000, 0x00000000f5580000)
  object space 172032K, 43% used [0x00000000e0000000,0x00000000e49064d0,0x00000000ea800000)
 Metaspace       used 98511K, capacity 105970K, committed 106280K, reserved 1142784K
  class space    used 11504K, capacity 13852K, committed 13872K, reserved 1048576K
}
Event: 723.218 GC heap before
{Heap before GC invocations=61 (full 5):
 PSYoungGen      total 119808K, used 8497K [0x00000000f5580000, 0x00000000fdc00000, 0x0000000100000000)
  eden space 101888K, 1% used [0x00000000f5580000,0x00000000f56a1518,0x00000000fb900000)
  from space 17920K, 40% used [0x00000000fb900000,0x00000000fc02b0f8,0x00000000fca80000)
  to   space 16896K, 0% used [0x00000000fcb80000,0x00000000fcb80000,0x00000000fdc00000)
 ParOldGen       total 172032K, used 74777K [0x00000000e0000000, 0x00000000ea800000, 0x00000000f5580000)
  object space 172032K, 43% used [0x00000000e0000000,0x00000000e49064d0,0x00000000ea800000)
 Metaspace       used 98511K, capacity 105970K, committed 106280K, reserved 1142784K
  class space    used 11504K, capacity 13852K, committed 13872K, reserved 1048576K
Event: 723.226 GC heap after
Heap after GC invocations=61 (full 5):
 PSYoungGen      total 118784K, used 6889K [0x00000000f5580000, 0x00000000fda00000, 0x0000000100000000)
  eden space 103936K, 0% used [0x00000000f5580000,0x00000000f5580000,0x00000000fbb00000)
  from space 14848K, 46% used [0x00000000fcb80000,0x00000000fd23a668,0x00000000fda00000)
  to   space 15872K, 0% used [0x00000000fbb00000,0x00000000fbb00000,0x00000000fca80000)
 ParOldGen       total 172032K, used 74833K [0x00000000e0000000, 0x00000000ea800000, 0x00000000f5580000)
  object space 172032K, 43% used [0x00000000e0000000,0x00000000e49144d0,0x00000000ea800000)
 Metaspace       used 98511K, capacity 105970K, committed 106280K, reserved 1142784K
  class space    used 11504K, capacity 13852K, committed 13872K, reserved 1048576K
}
Event: 723.226 GC heap before
{Heap before GC invocations=62 (full 6):
 PSYoungGen      total 118784K, used 6889K [0x00000000f5580000, 0x00000000fda00000, 0x0000000100000000)
  eden space 103936K, 0% used [0x00000000f5580000,0x00000000f5580000,0x00000000fbb00000)
  from space 14848K, 46% used [0x00000000fcb80000,0x00000000fd23a668,0x00000000fda00000)
  to   space 15872K, 0% used [0x00000000fbb00000,0x00000000fbb00000,0x00000000fca80000)
 ParOldGen       total 172032K, used 74833K [0x00000000e0000000, 0x00000000ea800000, 0x00000000f5580000)
  object space 172032K, 43% used [0x00000000e0000000,0x00000000e49144d0,0x00000000ea800000)
 Metaspace       used 98511K, capacity 105970K, committed 106280K, reserved 1142784K
  class space    used 11504K, capacity 13852K, committed 13872K, reserved 1048576K
Event: 723.632 GC heap after
Heap after GC invocations=62 (full 6):
 PSYoungGen      total 118784K, used 0K [0x00000000f5580000, 0x00000000fda00000, 0x0000000100000000)
  eden space 103936K, 0% used [0x00000000f5580000,0x00000000f5580000,0x00000000fbb00000)
  from space 14848K, 0% used [0x00000000fcb80000,0x00000000fcb80000,0x00000000fda00000)
  to   space 15872K, 0% used [0x00000000fbb00000,0x00000000fbb00000,0x00000000fca80000)
 ParOldGen       total 172032K, used 63422K [0x00000000e0000000, 0x00000000ea800000, 0x00000000f5580000)
  object space 172032K, 36% used [0x00000000e0000000,0x00000000e3def8b8,0x00000000ea800000)
 Metaspace       used 98467K, capacity 105900K, committed 106280K, reserved 1142784K
  class space    used 11495K, capacity 13837K, committed 13872K, reserved 1048576K
}
Event: 747.607 GC heap before
{Heap before GC invocations=63 (full 6):
 PSYoungGen      total 118784K, used 103936K [0x00000000f5580000, 0x00000000fda00000, 0x0000000100000000)
  eden space 103936K, 100% used [0x00000000f5580000,0x00000000fbb00000,0x00000000fbb00000)
  from space 14848K, 0% used [0x00000000fcb80000,0x00000000fcb80000,0x00000000fda00000)
  to   space 15872K, 0% used [0x00000000fbb00000,0x00000000fbb00000,0x00000000fca80000)
 ParOldGen       total 172032K, used 63422K [0x00000000e0000000, 0x00000000ea800000, 0x00000000f5580000)
  object space 172032K, 36% used [0x00000000e0000000,0x00000000e3def8b8,0x00000000ea800000)
 Metaspace       used 98503K, capacity 105970K, committed 106280K, reserved 1142784K
  class space    used 11497K, capacity 13838K, committed 13872K, reserved 1048576K
Event: 747.614 GC heap after
Heap after GC invocations=63 (full 6):
 PSYoungGen      total 119808K, used 3120K [0x00000000f5580000, 0x00000000fda80000, 0x0000000100000000)
  eden space 103936K, 0% used [0x00000000f5580000,0x00000000f5580000,0x00000000fbb00000)
  from space 15872K, 19% used [0x00000000fbb00000,0x00000000fbe0c148,0x00000000fca80000)
  to   space 15360K, 0% used [0x00000000fcb80000,0x00000000fcb80000,0x00000000fda80000)
 ParOldGen       total 172032K, used 63430K [0x00000000e0000000, 0x00000000ea800000, 0x00000000f5580000)
  object space 172032K, 36% used [0x00000000e0000000,0x00000000e3df18b8,0x00000000ea800000)
 Metaspace       used 98503K, capacity 105970K, committed 106280K, reserved 1142784K
  class space    used 11497K, capacity 13838K, committed 13872K, reserved 1048576K
}
Event: 782.387 GC heap before
{Heap before GC invocations=64 (full 6):
 PSYoungGen      total 119808K, used 107056K [0x00000000f5580000, 0x00000000fda80000, 0x0000000100000000)
  eden space 103936K, 100% used [0x00000000f5580000,0x00000000fbb00000,0x00000000fbb00000)
  from space 15872K, 19% used [0x00000000fbb00000,0x00000000fbe0c148,0x00000000fca80000)
  to   space 15360K, 0% used [0x00000000fcb80000,0x00000000fcb80000,0x00000000fda80000)
 ParOldGen       total 172032K, used 63430K [0x00000000e0000000, 0x00000000ea800000, 0x00000000f5580000)
  object space 172032K, 36% used [0x00000000e0000000,0x00000000e3df18b8,0x00000000ea800000)
 Metaspace       used 98990K, capacity 106340K, committed 106664K, reserved 1142784K
  class space    used 11544K, capacity 13937K, committed 14000K, reserved 1048576K
Event: 782.406 GC heap after
Heap after GC invocations=64 (full 6):
 PSYoungGen      total 120832K, used 3094K [0x00000000f5580000, 0x00000000fda80000, 0x0000000100000000)
  eden space 105472K, 0% used [0x00000000f5580000,0x00000000f5580000,0x00000000fbc80000)
  from space 15360K, 20% used [0x00000000fcb80000,0x00000000fce85a40,0x00000000fda80000)
  to   space 15360K, 0% used [0x00000000fbc80000,0x00000000fbc80000,0x00000000fcb80000)
 ParOldGen       total 172032K, used 63438K [0x00000000e0000000, 0x00000000ea800000, 0x00000000f5580000)
  object space 172032K, 36% used [0x00000000e0000000,0x00000000e3df38b8,0x00000000ea800000)
 Metaspace       used 98990K, capacity 106340K, committed 106664K, reserved 1142784K
  class space    used 11544K, capacity 13937K, committed 14000K, reserved 1048576K
}

